# JRE version: Java(TM) SE Runtime Environment (8.0_231-b11) (build 1.8.0_231-b11)
# Java VM: Java HotSpot(TM) 64-Bit Server VM (25.231-b11 mixed mode windows-amd64 compressed oops)
Heap:
 PSYoungGen      total 76288K, used 3864K [0x000000076b180000, 0x0000000771800000, 0x00000007c0000000)
  eden space 65536K, 5% used [0x000000076b180000,0x000000076b546018,0x000000076f180000)
  from space 10752K, 0% used [0x0000000770d80000,0x0000000770d80000,0x0000000771800000)
  to   space 10752K, 0% used [0x000000076f180000,0x000000076f180000,0x000000076fc00000)
 ParOldGen       total 118784K, used 9178K [0x00000006c1400000, 0x00000006c8800000, 0x000000076b180000)
  object space 118784K, 7% used [0x00000006c1400000,0x00000006c1cf6870,0x00000006c8800000)
 Metaspace       used 15916K, capacity 16260K, committed 16640K, reserved 1069056K
  class space    used 1895K, capacity 2013K, committed 2048K, reserved 1048576K
GC Heap History (10 events):
Event: 0.343 GC heap before
{Heap before GC invocations=2 (full 1):
 PSYoungGen      total 76288K, used 2567K [0x000000076b180000, 0x0000000770680000, 0x00000007c0000000)
  eden space 65536K, 0% used [0x000000076b180000,0x000000076b180000,0x000000076f180000)
  from space 10752K, 23% used [0x000000076f180000,0x000000076f401eb8,0x000000076fc00000)
  to   space 10752K, 0% used [0x000000076fc00000,0x000000076fc00000,0x0000000770680000)
 ParOldGen       total 175104K, used 8K [0x00000006c1400000, 0x00000006cbf00000, 0x000000076b180000)
  object space 175104K, 0% used [0x00000006c1400000,0x00000006c1402000,0x00000006cbf00000)
 Metaspace       used 5952K, capacity 6038K, committed 6144K, reserved 1060864K
  class space    used 664K, capacity 698K, committed 768K, reserved 1048576K
Event: 0.350 GC heap after
Heap after GC invocations=2 (full 1):
 PSYoungGen      total 76288K, used 0K [0x000000076b180000, 0x0000000770680000, 0x00000007c0000000)
  eden space 65536K, 0% used [0x000000076b180000,0x000000076b180000,0x000000076f180000)
  from space 10752K, 0% used [0x000000076f180000,0x000000076f180000,0x000000076fc00000)
  to   space 10752K, 0% used [0x000000076fc00000,0x000000076fc00000,0x0000000770680000)
 ParOldGen       total 118784K, used 2427K [0x00000006c1400000, 0x00000006c8800000, 0x000000076b180000)
  object space 118784K, 2% used [0x00000006c1400000,0x00000006c165ef00,0x00000006c8800000)
 Metaspace       used 5952K, capacity 6038K, committed 6144K, reserved 1058816K
  class space    used 664K, capacity 698K, committed 768K, reserved 1048576K
}
Event: 0.907 GC heap before
{Heap before GC invocations=3 (full 1):
 PSYoungGen      total 76288K, used 65536K [0x000000076b180000, 0x0000000770680000, 0x00000007c0000000)
  eden space 65536K, 100% used [0x000000076b180000,0x000000076f180000,0x000000076f180000)
  from space 10752K, 0% used [0x000000076f180000,0x000000076f180000,0x000000076fc00000)
  to   space 10752K, 0% used [0x000000076fc00000,0x000000076fc00000,0x0000000770680000)
 ParOldGen       total 118784K, used 2427K [0x00000006c1400000, 0x00000006c8800000, 0x000000076b180000)
  object space 118784K, 2% used [0x00000006c1400000,0x00000006c165ef00,0x00000006c8800000)
 Metaspace       used 12084K, capacity 12344K, committed 12672K, reserved 1062912K
  class space    used 1499K, capacity 1578K, committed 1664K, reserved 1048576K
Event: 0.912 GC heap after
Heap after GC invocations=3 (full 1):
 PSYoungGen      total 76288K, used 8388K [0x000000076b180000, 0x0000000771780000, 0x00000007c0000000)
  eden space 65536K, 0% used [0x000000076b180000,0x000000076b180000,0x000000076f180000)
  from space 10752K, 78% used [0x000000076fc00000,0x00000007704310a8,0x0000000770680000)
  to   space 10752K, 0% used [0x000000076f180000,0x000000076f180000,0x000000076fc00000)
 ParOldGen       total 118784K, used 2435K [0x00000006c1400000, 0x00000006c8800000, 0x000000076b180000)
  object space 118784K, 2% used [0x00000006c1400000,0x00000006c1660f00,0x00000006c8800000)
 Metaspace       used 12084K, capacity 12344K, committed 12672K, reserved 1062912K
  class space    used 1499K, capacity 1578K, committed 1664K, reserved 1048576K
}
Event: 1.808 GC heap before
{Heap before GC invocations=4 (full 1):
 PSYoungGen      total 76288K, used 73924K [0x000000076b180000, 0x0000000771780000, 0x00000007c0000000)
  eden space 65536K, 100% used [0x000000076b180000,0x000000076f180000,0x000000076f180000)
  from space 10752K, 78% used [0x000000076fc00000,0x00000007704310a8,0x0000000770680000)
  to   space 10752K, 0% used [0x000000076f180000,0x000000076f180000,0x000000076fc00000)
 ParOldGen       total 118784K, used 2435K [0x00000006c1400000, 0x00000006c8800000, 0x000000076b180000)
  object space 118784K, 2% used [0x00000006c1400000,0x00000006c1660f00,0x00000006c8800000)
 Metaspace       used 15872K, capacity 16126K, committed 16384K, reserved 1067008K
  class space    used 1893K, capacity 2012K, committed 2048K, reserved 1048576K
Event: 1.815 GC heap after
Heap after GC invocations=4 (full 1):
 PSYoungGen      total 76288K, used 10215K [0x000000076b180000, 0x0000000771800000, 0x00000007c0000000)
  eden space 65536K, 0% used [0x000000076b180000,0x000000076b180000,0x000000076f180000)
  from space 10752K, 95% used [0x000000076f180000,0x000000076fb79ec8,0x000000076fc00000)
  to   space 10752K, 0% used [0x0000000770d80000,0x0000000770d80000,0x0000000771800000)
 ParOldGen       total 118784K, used 2443K [0x00000006c1400000, 0x00000006c8800000, 0x000000076b180000)
  object space 118784K, 2% used [0x00000006c1400000,0x00000006c1662f00,0x00000006c8800000)
 Metaspace       used 15872K, capacity 16126K, committed 16384K, reserved 1067008K
  class space    used 1893K, capacity 2012K, committed 2048K, reserved 1048576K
}
Event: 1.840 GC heap before
{Heap before GC invocations=5 (full 1):
 PSYoungGen      total 76288K, used 14079K [0x000000076b180000, 0x0000000771800000, 0x00000007c0000000)
  eden space 65536K, 5% used [0x000000076b180000,0x000000076b546130,0x000000076f180000)
  from space 10752K, 95% used [0x000000076f180000,0x000000076fb79ec8,0x000000076fc00000)
  to   space 10752K, 0% used [0x0000000770d80000,0x0000000770d80000,0x0000000771800000)
 ParOldGen       total 118784K, used 2443K [0x00000006c1400000, 0x00000006c8800000, 0x000000076b180000)
  object space 118784K, 2% used [0x00000006c1400000,0x00000006c1662f00,0x00000006c8800000)
 Metaspace       used 15898K, capacity 16196K, committed 16384K, reserved 1071104K
  class space    used 1895K, capacity 2013K, committed 2048K, reserved 1048576K
Event: 1.845 GC heap after
Heap after GC invocations=5 (full 1):
 PSYoungGen      total 76288K, used 8048K [0x000000076b180000, 0x0000000771800000, 0x00000007c0000000)
  eden space 65536K, 0% used [0x000000076b180000,0x000000076b180000,0x000000076f180000)
  from space 10752K, 74% used [0x0000000770d80000,0x000000077155c010,0x0000000771800000)
  to   space 10752K, 0% used [0x000000076f180000,0x000000076f180000,0x000000076fc00000)
 ParOldGen       total 118784K, used 2451K [0x00000006c1400000, 0x00000006c8800000, 0x000000076b180000)
  object space 118784K, 2% used [0x00000006c1400000,0x00000006c1664f00,0x00000006c8800000)
 Metaspace       used 15898K, capacity 16196K, committed 16384K, reserved 1071104K
  class space    used 1895K, capacity 2013K, committed 2048K, reserved 1048576K
}
Event: 1.845 GC heap before
{Heap before GC invocations=6 (full 2):
 PSYoungGen      total 76288K, used 8048K [0x000000076b180000, 0x0000000771800000, 0x00000007c0000000)
  eden space 65536K, 0% used [0x000000076b180000,0x000000076b180000,0x000000076f180000)
  from space 10752K, 74% used [0x0000000770d80000,0x000000077155c010,0x0000000771800000)
  to   space 10752K, 0% used [0x000000076f180000,0x000000076f180000,0x000000076fc00000)
 ParOldGen       total 118784K, used 2451K [0x00000006c1400000, 0x00000006c8800000, 0x000000076b180000)
  object space 118784K, 2% used [0x00000006c1400000,0x00000006c1664f00,0x00000006c8800000)
 Metaspace       used 15898K, capacity 16196K, committed 16384K, reserved 1071104K
  class space    used 1895K, capacity 2013K, committed 2048K, reserved 1048576K
Event: 1.877 GC heap after
Heap after GC invocations=6 (full 2):
 PSYoungGen      total 76288K, used 0K [0x000000076b180000, 0x0000000771800000, 0x00000007c0000000)
  eden space 65536K, 0% used [0x000000076b180000,0x000000076b180000,0x000000076f180000)
  from space 10752K, 0% used [0x0000000770d80000,0x0000000770d80000,0x0000000771800000)
  to   space 10752K, 0% used [0x000000076f180000,0x000000076f180000,0x000000076fc00000)
 ParOldGen       total 118784K, used 9178K [0x00000006c1400000, 0x00000006c8800000, 0x000000076b180000)
  object space 118784K, 7% used [0x00000006c1400000,0x00000006c1cf6870,0x00000006c8800000)
 Metaspace       used 15898K, capacity 16196K, committed 16384K, reserved 1069056K
  class space    used 1895K, capacity 2013K, committed 2048K, reserved 1048576K
}

